{"numFailedTestSuites":1,"numFailedTests":1,"numPassedTestSuites":19,"numPassedTests":70,"numPendingTestSuites":0,"numPendingTests":0,"numRuntimeErrorTestSuites":0,"numTodoTests":0,"numTotalTestSuites":20,"numTotalTests":71,"openHandles":[],"snapshot":{"added":0,"didUpdate":false,"failure":false,"filesAdded":0,"filesRemoved":0,"filesRemovedList":[],"filesUnmatched":0,"filesUpdated":0,"matched":0,"total":0,"unchecked":0,"uncheckedKeysByFile":[],"unmatched":0,"updated":0},"startTime":1773925176890,"success":false,"testResults":[{"assertionResults":[{"ancestorTitles":["Breadcrumbs Component"],"duration":60,"failureDetails":[],"failureMessages":[],"fullName":"Breadcrumbs Component should render breadcrumbs with first part and translated page name","invocations":1,"location":null,"numPassingAsserts":2,"retryReasons":[],"status":"passed","title":"should render breadcrumbs with first part and translated page name"},{"ancestorTitles":["Breadcrumbs Component"],"duration":6,"failureDetails":[{"name":"TestingLibraryElementError"}],"failureMessages":["TestingLibraryElementError: Unable to find an element with the text: Home > (normalized from 'Home > '). This could be because the text is broken up by multiple elements. In this case, you can provide a function for your text matcher to make your matcher more flexible.\n\nIgnored nodes: comments, script, style\n\u001b[36m<body>\u001b[39m\n  \u001b[36m<div>\u001b[39m\n    \u001b[36m<div\u001b[39m\n      \u001b[33mclass\u001b[39m=\u001b[32m\"text-secondaryText text-sm 1xl:text-base font-semibold\"\u001b[39m\n    \u001b[36m>\u001b[39m\n      \u001b[0mHome\u001b[0m\n      \u001b[0m &gt; \u001b[0m\n    \u001b[36m</div>\u001b[39m\n  \u001b[36m</div>\u001b[39m\n\u001b[36m</body>\u001b[39m\n    at Object.getElementError (C:\\Users\\mohdz\\Desktop\\E-Commerce Consumer  Dashboard\\Ecommerce consumer behaviour dashboard\\node_modules\\@testing-library\\dom\\dist\\config.js:37:19)\n    at getElementError (C:\\Users\\mohdz\\Desktop\\E-Commerce Consumer  Dashboard\\Ecommerce consumer behaviour dashboard\\node_modules\\@testing-library\\dom\\dist\\query-helpers.js:76:38)\n    at allQuery (C:\\Users\\mohdz\\Desktop\\E-Commerce Consumer  Dashboard\\Ecommerce consumer behaviour dashboard\\node_modules\\@testing-library\\dom\\dist\\query-helpers.js:52:17)\n    at query (C:\\Users\\mohdz\\Desktop\\E-Commerce Consumer  Dashboard\\Ecommerce consumer behaviour dashboard\\node_modules\\@testing-library\\dom\\dist\\query-helpers.js:95:19)\n    at Object.getByText (C:\\Users\\mohdz\\Desktop\\E-Commerce Consumer  Dashboard\\Ecommerce consumer behaviour dashboard\\src\\tests\\components\\Breadcrumbs.test.tsx:43:19)\n    at Promise.then.completed (C:\\Users\\mohdz\\Desktop\\E-Commerce Consumer  Dashboard\\Ecommerce consumer behaviour dashboard\\node_modules\\jest-circus\\build\\utils.js:298:28)\n    at new Promise (<anonymous>)\n    at callAsyncCircusFn (C:\\Users\\mohdz\\Desktop\\E-Commerce Consumer  Dashboard\\Ecommerce consumer behaviour dashboard\\node_modules\\jest-circus\\build\\utils.js:231:10)\n    at _callCircusTest (C:\\Users\\mohdz\\Desktop\\E-Commerce Consumer  Dashboard\\Ecommerce consumer behaviour dashboard\\node_modules\\jest-circus\\build\\run.js:316:40)\n    at _runTest (C:\\Users\\mohdz\\Desktop\\E-Commerce Consumer  Dashboard\\Ecommerce consumer behaviour dashboard\\node_modules\\jest-circus\\build\\run.js:252:3)\n    at _runTestsForDescribeBlock (C:\\Users\\mohdz\\Desktop\\E-Commerce Consumer  Dashboard\\Ecommerce consumer behaviour dashboard\\node_modules\\jest-circus\\build\\run.js:126:9)\n    at _runTestsForDescribeBlock (C:\\Users\\mohdz\\Desktop\\E-Commerce Consumer  Dashboard\\Ecommerce consumer behaviour dashboard\\node_modules\\jest-circus\\build\\run.js:121:9)\n    at run (C:\\Users\\mohdz\\Desktop\\E-Commerce Consumer  Dashboard\\Ecommerce consumer behaviour dashboard\\node_modules\\jest-circus\\build\\run.js:71:3)\n    at runAndTransformResultsToJestFormat (C:\\Users\\mohdz\\Desktop\\E-Commerce Consumer  Dashboard\\Ecommerce consumer behaviour dashboard\\node_modules\\jest-circus\\build\\legacy-code-todo-rewrite\\jestAdapterInit.js:122:21)\n    at jestAdapter (C:\\Users\\mohdz\\Desktop\\E-Commerce Consumer  Dashboard\\Ecommerce consumer behaviour dashboard\\node_modules\\jest-circus\\build\\legacy-code-todo-rewrite\\jestAdapter.js:74:19)\n    at runTestInternal (C:\\Users\\mohdz\\Desktop\\E-Commerce Consumer  Dashboard\\Ecommerce consumer behaviour dashboard\\node_modules\\jest-runner\\build\\runTest.js:279:16)\n    at runTest (C:\\Users\\mohdz\\Desktop\\E-Commerce Consumer  Dashboard\\Ecommerce consumer behaviour dashboard\\node_modules\\jest-runner\\build\\runTest.js:339:7)"],"fullName":"Breadcrumbs Component should render breadcrumbs handling missing page name","invocations":1,"location":null,"numPassingAsserts":0,"retryReasons":[],"status":"failed","title":"should render breadcrumbs handling missing page name"}],"endTime":1773925179091,"message":"\u001b[1m\u001b[31m  \u001b[1m● \u001b[22m\u001b[1mBreadcrumbs Component › should render breadcrumbs handling missing page name\u001b[39m\u001b[22m\n\n    TestingLibraryElementError: Unable to find an element with the text: Home > (normalized from 'Home > '). This could be because the text is broken up by multiple elements. In this case, you can provide a function for your text matcher to make your matcher more flexible.\n\n    Ignored nodes: comments, script, style\n    \u001b[36m<body>\u001b[39m\n      \u001b[36m<div>\u001b[39m\n        \u001b[36m<div\u001b[39m\n          \u001b[33mclass\u001b[39m=\u001b[32m\"text-secondaryText text-sm 1xl:text-base font-semibold\"\u001b[39m\n        \u001b[36m>\u001b[39m\n          \u001b[0mHome\u001b[0m\n          \u001b[0m &gt; \u001b[0m\n        \u001b[36m</div>\u001b[39m\n      \u001b[36m</div>\u001b[39m\n    \u001b[36m</body>\u001b[39m\n\u001b[2m\u001b[22m\n\u001b[2m    \u001b[0m \u001b[90m 41 |\u001b[39m\u001b[22m\n\u001b[2m     \u001b[90m 42 |\u001b[39m     \u001b[90m// Act & Assert: Check the rendered output based on how the mock handles undefined\u001b[39m\u001b[22m\n\u001b[2m    \u001b[31m\u001b[1m>\u001b[22m\u001b[2m\u001b[39m\u001b[90m 43 |\u001b[39m     expect(screen\u001b[33m.\u001b[39mgetByText(\u001b[32m\"Home > \"\u001b[39m))\u001b[33m.\u001b[39mtoBeInTheDocument()\u001b[33m;\u001b[39m\u001b[22m\n\u001b[2m     \u001b[90m    |\u001b[39m                   \u001b[31m\u001b[1m^\u001b[22m\u001b[2m\u001b[39m\u001b[22m\n\u001b[2m     \u001b[90m 44 |\u001b[39m\u001b[22m\n\u001b[2m     \u001b[90m 45 |\u001b[39m     \u001b[90m// Assert: Check if the translation function was called with expected keys\u001b[39m\u001b[22m\n\u001b[2m     \u001b[90m 46 |\u001b[39m     expect(mockT)\u001b[33m.\u001b[39mtoHaveBeenCalledWith(\u001b[32m\"firstPart\"\u001b[39m)\u001b[33m;\u001b[39m\u001b[0m\u001b[22m\n\u001b[2m\u001b[22m\n\u001b[2m      \u001b[2mat Object.getElementError (\u001b[22m\u001b[2mnode_modules/@testing-library/dom/dist/config.js\u001b[2m:37:19)\u001b[22m\u001b[2m\u001b[22m\n\u001b[2m      \u001b[2mat getElementError (\u001b[22m\u001b[2mnode_modules/@testing-library/dom/dist/query-helpers.js\u001b[2m:76:38)\u001b[22m\u001b[2m\u001b[22m\n\u001b[2m      \u001b[2mat allQuery (\u001b[22m\u001b[2mnode_modules/@testing-library/dom/dist/query-helpers.js\u001b[2m:52:17)\u001b[22m\u001b[2m\u001b[22m\n\u001b[2m      \u001b[2mat query (\u001b[22m\u001b[2mnode_modules/@testing-library/dom/dist/query-helpers.js\u001b[2m:95:19)\u001b[22m\u001b[2m\u001b[22m\n\u001b[2m      \u001b[2mat Object.getByText (\u001b[22m\u001b[2m\u001b[0m\u001b[36msrc/tests/components/Breadcrumbs.test.tsx\u001b[39m\u001b[0m\u001b[2m:43:19)\u001b[22m\u001b[2m\u001b[22m\n","name":"C:\\Users\\mohdz\\Desktop\\E-Commerce Consumer  Dashboard\\Ecommerce consumer behaviour dashboard\\src\\tests\\components\\Breadcrumbs.test.tsx","startTime":1773925177669,"status":"failed","summary":""},{"assertionResults":[{"ancestorTitles":["PageWrapper Component"],"duration":71,"failureDetails":[],"failureMessages":[],"fullName":"PageWrapper Component should render children, breadcrumbs, and disabled CSV button when hidePaper is false and no dataForExport","invocations":1,"location":null,"numPassingAsserts":8,"retryReasons":[],"status":"passed","title":"should render children, breadcrumbs, and disabled CSV button when hidePaper is false and no dataForExport"},{"ancestorTitles":["PageWrapper Component"],"duration":11,"failureDetails":[],"failureMessages":[],"fullName":"PageWrapper Component should render children, breadcrumbs, and disabled CSV button without paper background when hidePaper is true","invocations":1,"location":null,"numPassingAsserts":8,"retryReasons":[],"status":"passed","title":"should render children, breadcrumbs, and disabled CSV button without paper background when hidePaper is true"},{"ancestorTitles":["PageWrapper Component"],"duration":16,"failureDetails":[],"failureMessages":[],"fullName":"PageWrapper Component should enable CSV button when dataForExport is provided","invocations":1,"location":null,"numPassingAsserts":1,"retryReasons":[],"status":"passed","title":"should enable CSV button when dataForExport is provided"},{"ancestorTitles":["PageWrapper Component"],"duration":15,"failureDetails":[],"failureMessages":[],"fullName":"PageWrapper Component should call exportToCSV with correct arguments when CSV button is clicked and pageName exists","invocations":1,"location":null,"numPassingAsserts":2,"retryReasons":[],"status":"passed","title":"should call exportToCSV with correct arguments when CSV button is clicked and pageName exists"},{"ancestorTitles":["PageWrapper Component"],"duration":13,"failureDetails":[],"failureMessages":[],"fullName":"PageWrapper Component should call exportToCSV with default filename when CSV button is clicked and pageName is missing","invocations":1,"location":null,"numPassingAsserts":2,"retryReasons":[],"status":"passed","title":"should call exportToCSV with default filename when CSV button is clicked and pageName is missing"},{"ancestorTitles":["PageWrapper Component"],"duration":24,"failureDetails":[],"failureMessages":[],"fullName":"PageWrapper Component should not call exportToCSV when CSV button is clicked and disabled","invocations":1,"location":null,"numPassingAsserts":2,"retryReasons":[],"status":"passed","title":"should not call exportToCSV when CSV button is clicked and disabled"}],"endTime":1773925179455,"message":"","name":"C:\\Users\\mohdz\\Desktop\\E-Commerce Consumer  Dashboard\\Ecommerce consumer behaviour dashboard\\src\\tests\\components\\PageWrapper.test.tsx","startTime":1773925179114,"status":"passed","summary":""},{"assertionResults":[{"ancestorTitles":["DynamicAnalyticsView"],"duration":44,"failureDetails":[],"failureMessages":[],"fullName":"DynamicAnalyticsView renders without crashing and performs a mocked API call","invocations":1,"location":null,"numPassingAsserts":1,"retryReasons":[],"status":"passed","title":"renders without crashing and performs a mocked API call"},{"ancestorTitles":["DynamicAnalyticsView"],"duration":17,"failureDetails":[],"failureMessages":[],"fullName":"DynamicAnalyticsView renders module cards when data is present and shows unavailable state when missing","invocations":1,"location":null,"numPassingAsserts":3,"retryReasons":[],"status":"passed","title":"renders module cards when data is present and shows unavailable state when missing"}],"endTime":1773925179717,"message":"","name":"C:\\Users\\mohdz\\Desktop\\E-Commerce Consumer  Dashboard\\Ecommerce consumer behaviour dashboard\\src\\tests\\components\\DynamicAnalyticsView.test.tsx","startTime":1773925179484,"status":"passed","summary":""},{"assertionResults":[{"ancestorTitles":["useProducts"],"duration":5,"failureDetails":[],"failureMessages":[],"fullName":"useProducts should initialize with products and categories","invocations":1,"location":null,"numPassingAsserts":2,"retryReasons":[],"status":"passed","title":"should initialize with products and categories"},{"ancestorTitles":["useProducts"],"duration":2,"failureDetails":[],"failureMessages":[],"fullName":"useProducts should handle product click","invocations":1,"location":null,"numPassingAsserts":2,"retryReasons":[],"status":"passed","title":"should handle product click"},{"ancestorTitles":["useProducts"],"duration":3,"failureDetails":[],"failureMessages":[],"fullName":"useProducts should handle copying to clipboard","invocations":1,"location":null,"numPassingAsserts":2,"retryReasons":[],"status":"passed","title":"should handle copying to clipboard"},{"ancestorTitles":["useProducts"],"duration":1,"failureDetails":[],"failureMessages":[],"fullName":"useProducts should handle showing all products","invocations":1,"location":null,"numPassingAsserts":1,"retryReasons":[],"status":"passed","title":"should handle showing all products"}],"endTime":1773925180023,"message":"","name":"C:\\Users\\mohdz\\Desktop\\E-Commerce Consumer  Dashboard\\Ecommerce consumer behaviour dashboard\\src\\tests\\hooks\\useProducts.test.tsx","startTime":1773925179731,"status":"passed","summary":""},{"assertionResults":[{"ancestorTitles":["ContainedButton Component"],"duration":31,"failureDetails":[],"failureMessages":[],"fullName":"ContainedButton Component should render with text and default props","invocations":1,"location":null,"numPassingAsserts":4,"retryReasons":[],"status":"passed","title":"should render with text and default props"},{"ancestorTitles":["ContainedButton Component"],"duration":4,"failureDetails":[],"failureMessages":[],"fullName":"ContainedButton Component should render children when provided","invocations":1,"location":null,"numPassingAsserts":4,"retryReasons":[],"status":"passed","title":"should render children when provided"},{"ancestorTitles":["ContainedButton Component"],"duration":8,"failureDetails":[],"failureMessages":[],"fullName":"ContainedButton Component should render an icon when provided","invocations":1,"location":null,"numPassingAsserts":3,"retryReasons":[],"status":"passed","title":"should render an icon when provided"},{"ancestorTitles":["ContainedButton Component"],"duration":5,"failureDetails":[],"failureMessages":[],"fullName":"ContainedButton Component should call handleClick when clicked and not disabled/loading","invocations":1,"location":null,"numPassingAsserts":1,"retryReasons":[],"status":"passed","title":"should call handleClick when clicked and not disabled/loading"},{"ancestorTitles":["ContainedButton Component"],"duration":8,"failureDetails":[],"failureMessages":[],"fullName":"ContainedButton Component should be disabled when disabled prop is true","invocations":1,"location":null,"numPassingAsserts":3,"retryReasons":[],"status":"passed","title":"should be disabled when disabled prop is true"},{"ancestorTitles":["ContainedButton Component"],"duration":9,"failureDetails":[],"failureMessages":[],"fullName":"ContainedButton Component should be disabled and show spinner when loading prop is true","invocations":1,"location":null,"numPassingAsserts":6,"retryReasons":[],"status":"passed","title":"should be disabled and show spinner when loading prop is true"},{"ancestorTitles":["ContainedButton Component"],"duration":7,"failureDetails":[],"failureMessages":[],"fullName":"ContainedButton Component should have the specified type attribute","invocations":1,"location":null,"numPassingAsserts":1,"retryReasons":[],"status":"passed","title":"should have the specified type attribute"},{"ancestorTitles":["ContainedButton Component"],"duration":13,"failureDetails":[],"failureMessages":[],"fullName":"ContainedButton Component should apply custom aria-label and aria-pressed attributes","invocations":1,"location":null,"numPassingAsserts":2,"retryReasons":[],"status":"passed","title":"should apply custom aria-label and aria-pressed attributes"}],"endTime":1773925180282,"message":"","name":"C:\\Users\\mohdz\\Desktop\\E-Commerce Consumer  Dashboard\\Ecommerce consumer behaviour dashboard\\src\\tests\\components\\ContainedButton.test.tsx","startTime":1773925180034,"status":"passed","summary":""},{"assertionResults":[{"ancestorTitles":["Input Component"],"duration":11,"failureDetails":[],"failureMessages":[],"fullName":"Input Component should render an input element with the correct type","invocations":1,"location":null,"numPassingAsserts":2,"retryReasons":[],"status":"passed","title":"should render an input element with the correct type"},{"ancestorTitles":["Input Component"],"duration":7,"failureDetails":[],"failureMessages":[],"fullName":"Input Component should apply common input attributes when provided","invocations":1,"location":null,"numPassingAsserts":6,"retryReasons":[],"status":"passed","title":"should apply common input attributes when provided"},{"ancestorTitles":["Input Component"],"duration":6,"failureDetails":[],"failureMessages":[],"fullName":"Input Component should render the icon and apply correct padding when icon is provided","invocations":1,"location":null,"numPassingAsserts":4,"retryReasons":[],"status":"passed","title":"should render the icon and apply correct padding when icon is provided"},{"ancestorTitles":["Input Component"],"duration":11,"failureDetails":[],"failureMessages":[],"fullName":"Input Component should not render an icon and apply correct padding when icon is not provided","invocations":1,"location":null,"numPassingAsserts":3,"retryReasons":[],"status":"passed","title":"should not render an icon and apply correct padding when icon is not provided"},{"ancestorTitles":["Input Component"],"duration":4,"failureDetails":[],"failureMessages":[],"fullName":"Input Component should call onChange handler when input value changes","invocations":1,"location":null,"numPassingAsserts":1,"retryReasons":[],"status":"passed","title":"should call onChange handler when input value changes"},{"ancestorTitles":["Input Component"],"duration":3,"failureDetails":[],"failureMessages":[],"fullName":"Input Component should call onInput handler when input event occurs","invocations":1,"location":null,"numPassingAsserts":1,"retryReasons":[],"status":"passed","title":"should call onInput handler when input event occurs"},{"ancestorTitles":["Input Component"],"duration":8,"failureDetails":[],"failureMessages":[],"fullName":"Input Component should use ariaLabel prop for accessible name when provided","invocations":1,"location":null,"numPassingAsserts":1,"retryReasons":[],"status":"passed","title":"should use ariaLabel prop for accessible name when provided"},{"ancestorTitles":["Input Component"],"duration":6,"failureDetails":[],"failureMessages":[],"fullName":"Input Component should use placeholder prop for accessible name when ariaLabel is not provided","invocations":1,"location":null,"numPassingAsserts":1,"retryReasons":[],"status":"passed","title":"should use placeholder prop for accessible name when ariaLabel is not provided"},{"ancestorTitles":["Input Component"],"duration":4,"failureDetails":[],"failureMessages":[],"fullName":"Input Component should forward the ref to the underlying input element","invocations":1,"location":null,"numPassingAsserts":3,"retryReasons":[],"status":"passed","title":"should forward the ref to the underlying input element"},{"ancestorTitles":["Input Component"],"duration":8,"failureDetails":[],"failureMessages":[],"fullName":"Input Component should merge className prop with base classes","invocations":1,"location":null,"numPassingAsserts":2,"retryReasons":[],"status":"passed","title":"should merge className prop with base classes"}],"endTime":1773925180554,"message":"","name":"C:\\Users\\mohdz\\Desktop\\E-Commerce Consumer  Dashboard\\Ecommerce consumer behaviour dashboard\\src\\tests\\components\\Input.test.tsx","startTime":1773925180297,"status":"passed","summary":""},{"assertionResults":[{"ancestorTitles":["Tooltip Component"],"duration":8,"failureDetails":[],"failureMessages":[],"fullName":"Tooltip Component should render text, apply className, and have correct ARIA attribute","invocations":1,"location":null,"numPassingAsserts":5,"retryReasons":[],"status":"passed","title":"should render text, apply className, and have correct ARIA attribute"}],"endTime":1773925180713,"message":"","name":"C:\\Users\\mohdz\\Desktop\\E-Commerce Consumer  Dashboard\\Ecommerce consumer behaviour dashboard\\src\\tests\\components\\Tooltip.test.tsx","startTime":1773925180570,"status":"passed","summary":""},{"assertionResults":[{"ancestorTitles":["OutlinedButton Component"],"duration":22,"failureDetails":[],"failureMessages":[],"fullName":"OutlinedButton Component should render text and icon when children are not provided","invocations":1,"location":null,"numPassingAsserts":4,"retryReasons":[],"status":"passed","title":"should render text and icon when children are not provided"},{"ancestorTitles":["OutlinedButton Component"],"duration":19,"failureDetails":[],"failureMessages":[],"fullName":"OutlinedButton Component should render children when provided, ignoring text and icon props","invocations":1,"location":null,"numPassingAsserts":4,"retryReasons":[],"status":"passed","title":"should render children when provided, ignoring text and icon props"},{"ancestorTitles":["OutlinedButton Component"],"duration":14,"failureDetails":[],"failureMessages":[],"fullName":"OutlinedButton Component should call handleClick when clicked","invocations":1,"location":null,"numPassingAsserts":1,"retryReasons":[],"status":"passed","title":"should call handleClick when clicked"},{"ancestorTitles":["OutlinedButton Component"],"duration":12,"failureDetails":[],"failureMessages":[],"fullName":"OutlinedButton Component should have the specified type attribute","invocations":1,"location":null,"numPassingAsserts":2,"retryReasons":[],"status":"passed","title":"should have the specified type attribute"},{"ancestorTitles":["OutlinedButton Component"],"duration":4,"failureDetails":[],"failureMessages":[],"fullName":"OutlinedButton Component should apply explicit aria-label and aria-pressed attributes","invocations":1,"location":null,"numPassingAsserts":2,"retryReasons":[],"status":"passed","title":"should apply explicit aria-label and aria-pressed attributes"},{"ancestorTitles":["OutlinedButton Component"],"duration":2,"failureDetails":[],"failureMessages":[],"fullName":"OutlinedButton Component should forward the ref to the underlying button element","invocations":1,"location":null,"numPassingAsserts":3,"retryReasons":[],"status":"passed","title":"should forward the ref to the underlying button element"}],"endTime":1773925180956,"message":"","name":"C:\\Users\\mohdz\\Desktop\\E-Commerce Consumer  Dashboard\\Ecommerce consumer behaviour dashboard\\src\\tests\\components\\OutlinedButton.test.tsx","startTime":1773925180725,"status":"passed","summary":""},{"assertionResults":[{"ancestorTitles":["useDropdown"],"duration":6,"failureDetails":[],"failureMessages":[],"fullName":"useDropdown should open the dropdown when toggle is called","invocations":1,"location":null,"numPassingAsserts":2,"retryReasons":[],"status":"passed","title":"should open the dropdown when toggle is called"},{"ancestorTitles":["useDropdown"],"duration":9,"failureDetails":[],"failureMessages":[],"fullName":"useDropdown should close the dropdown when close is called","invocations":1,"location":null,"numPassingAsserts":2,"retryReasons":[],"status":"passed","title":"should close the dropdown when close is called"},{"ancestorTitles":["useDropdown"],"duration":4,"failureDetails":[],"failureMessages":[],"fullName":"useDropdown should open the dropdown when open is called","invocations":1,"location":null,"numPassingAsserts":2,"retryReasons":[],"status":"passed","title":"should open the dropdown when open is called"},{"ancestorTitles":["useDropdown"],"duration":7,"failureDetails":[],"failureMessages":[],"fullName":"useDropdown should close the dropdown when clicking outside","invocations":1,"location":null,"numPassingAsserts":2,"retryReasons":[],"status":"passed","title":"should close the dropdown when clicking outside"}],"endTime":1773925181130,"message":"","name":"C:\\Users\\mohdz\\Desktop\\E-Commerce Consumer  Dashboard\\Ecommerce consumer behaviour dashboard\\src\\tests\\hooks\\useDropdown.test.tsx","startTime":1773925180974,"status":"passed","summary":""},{"assertionResults":[{"ancestorTitles":["Dropdown Component"],"duration":6,"failureDetails":[],"failureMessages":[],"fullName":"Dropdown Component should render its children correctly","invocations":1,"location":null,"numPassingAsserts":1,"retryReasons":[],"status":"passed","title":"should render its children correctly"},{"ancestorTitles":["Dropdown Component"],"duration":8,"failureDetails":[],"failureMessages":[],"fullName":"Dropdown Component should apply ARIA attributes and custom className","invocations":1,"location":null,"numPassingAsserts":5,"retryReasons":[],"status":"passed","title":"should apply ARIA attributes and custom className"},{"ancestorTitles":["Dropdown Component"],"duration":8,"failureDetails":[],"failureMessages":[],"fullName":"Dropdown Component should forward the ref to the underlying div element","invocations":1,"location":null,"numPassingAsserts":3,"retryReasons":[],"status":"passed","title":"should forward the ref to the underlying div element"}],"endTime":1773925181373,"message":"","name":"C:\\Users\\mohdz\\Desktop\\E-Commerce Consumer  Dashboard\\Ecommerce consumer behaviour dashboard\\src\\tests\\components\\Dropdown.test.tsx","startTime":1773925181150,"status":"passed","summary":""},{"assertionResults":[{"ancestorTitles":["Chip Component"],"duration":22,"failureDetails":[],"failureMessages":[],"fullName":"Chip Component should render the label text and apply correct ARIA labels","invocations":1,"location":null,"numPassingAsserts":5,"retryReasons":[],"status":"passed","title":"should render the label text and apply correct ARIA labels"},{"ancestorTitles":["Chip Component"],"duration":12,"failureDetails":[],"failureMessages":[],"fullName":"Chip Component should call onDelete prop when the delete button is clicked","invocations":1,"location":null,"numPassingAsserts":1,"retryReasons":[],"status":"passed","title":"should call onDelete prop when the delete button is clicked"}],"endTime":1773925181606,"message":"","name":"C:\\Users\\mohdz\\Desktop\\E-Commerce Consumer  Dashboard\\Ecommerce consumer behaviour dashboard\\src\\tests\\components\\Chip.test.tsx","startTime":1773925181418,"status":"passed","summary":""},{"assertionResults":[{"ancestorTitles":["useTooltip"],"duration":13,"failureDetails":[],"failureMessages":[],"fullName":"useTooltip should show the tooltip when showTooltip is called","invocations":1,"location":null,"numPassingAsserts":2,"retryReasons":[],"status":"passed","title":"should show the tooltip when showTooltip is called"},{"ancestorTitles":["useTooltip"],"duration":9,"failureDetails":[],"failureMessages":[],"fullName":"useTooltip should hide the tooltip when hideTooltip is called","invocations":1,"location":null,"numPassingAsserts":2,"retryReasons":[],"status":"passed","title":"should hide the tooltip when hideTooltip is called"},{"ancestorTitles":["useTooltip"],"duration":6,"failureDetails":[],"failureMessages":[],"fullName":"useTooltip should hide the tooltip when clicking outside","invocations":1,"location":null,"numPassingAsserts":2,"retryReasons":[],"status":"passed","title":"should hide the tooltip when clicking outside"}],"endTime":1773925181865,"message":"","name":"C:\\Users\\mohdz\\Desktop\\E-Commerce Consumer  Dashboard\\Ecommerce consumer behaviour dashboard\\src\\tests\\hooks\\useTooltip.test.tsx","startTime":1773925181627,"status":"passed","summary":""},{"assertionResults":[{"ancestorTitles":["useModal"],"duration":18,"failureDetails":[],"failureMessages":[],"fullName":"useModal should open the modal when toggle is called","invocations":1,"location":null,"numPassingAsserts":2,"retryReasons":[],"status":"passed","title":"should open the modal when toggle is called"},{"ancestorTitles":["useModal"],"duration":5,"failureDetails":[],"failureMessages":[],"fullName":"useModal should close the modal when close is called","invocations":1,"location":null,"numPassingAsserts":2,"retryReasons":[],"status":"passed","title":"should close the modal when close is called"},{"ancestorTitles":["useModal"],"duration":8,"failureDetails":[],"failureMessages":[],"fullName":"useModal should close the modal when clicking outside","invocations":1,"location":null,"numPassingAsserts":2,"retryReasons":[],"status":"passed","title":"should close the modal when clicking outside"}],"endTime":1773925182096,"message":"","name":"C:\\Users\\mohdz\\Desktop\\E-Commerce Consumer  Dashboard\\Ecommerce consumer behaviour dashboard\\src\\tests\\hooks\\useModal.test.tsx","startTime":1773925181884,"status":"passed","summary":""},{"assertionResults":[{"ancestorTitles":["useMediaQuery"],"duration":5,"failureDetails":[],"failureMessages":[],"fullName":"useMediaQuery should return false when the query does not match","invocations":1,"location":null,"numPassingAsserts":1,"retryReasons":[],"status":"passed","title":"should return false when the query does not match"},{"ancestorTitles":["useMediaQuery"],"duration":5,"failureDetails":[],"failureMessages":[],"fullName":"useMediaQuery should return true when the query matches","invocations":1,"location":null,"numPassingAsserts":1,"retryReasons":[],"status":"passed","title":"should return true when the query matches"}],"endTime":1773925182383,"message":"","name":"C:\\Users\\mohdz\\Desktop\\E-Commerce Consumer  Dashboard\\Ecommerce consumer behaviour dashboard\\src\\tests\\hooks\\useMediaQuery.test.tsx","startTime":1773925182116,"status":"passed","summary":""},{"assertionResults":[{"ancestorTitles":["Card Component"],"duration":6,"failureDetails":[],"failureMessages":[],"fullName":"Card Component should render children, apply id and className, and have no title or content padding by default","invocations":1,"location":null,"numPassingAsserts":6,"retryReasons":[],"status":"passed","title":"should render children, apply id and className, and have no title or content padding by default"},{"ancestorTitles":["Card Component"],"duration":4,"failureDetails":[],"failureMessages":[],"fullName":"Card Component should render the title when provided and apply padding to the content area","invocations":1,"location":null,"numPassingAsserts":3,"retryReasons":[],"status":"passed","title":"should render the title when provided and apply padding to the content area"},{"ancestorTitles":["Card Component"],"duration":5,"failureDetails":[],"failureMessages":[],"fullName":"Card Component should apply padding to the content area when customHeader is true, even without a title","invocations":1,"location":null,"numPassingAsserts":3,"retryReasons":[],"status":"passed","title":"should apply padding to the content area when customHeader is true, even without a title"}],"endTime":1773925182573,"message":"","name":"C:\\Users\\mohdz\\Desktop\\E-Commerce Consumer  Dashboard\\Ecommerce consumer behaviour dashboard\\src\\tests\\components\\Card.test.tsx","startTime":1773925182399,"status":"passed","summary":""},{"assertionResults":[{"ancestorTitles":["BaseTooltip Component"],"duration":8,"failureDetails":[],"failureMessages":[],"fullName":"BaseTooltip Component should render the title and children correctly","invocations":1,"location":null,"numPassingAsserts":2,"retryReasons":[],"status":"passed","title":"should render the title and children correctly"}],"endTime":1773925182767,"message":"","name":"C:\\Users\\mohdz\\Desktop\\E-Commerce Consumer  Dashboard\\Ecommerce consumer behaviour dashboard\\src\\tests\\components\\BaseTooltip.test.tsx","startTime":1773925182587,"status":"passed","summary":""},{"assertionResults":[{"ancestorTitles":["useClickOutside"],"duration":8,"failureDetails":[],"failureMessages":[],"fullName":"useClickOutside should call onClickOutside when clicking outside the element","invocations":1,"location":null,"numPassingAsserts":1,"retryReasons":[],"status":"passed","title":"should call onClickOutside when clicking outside the element"},{"ancestorTitles":["useClickOutside"],"duration":2,"failureDetails":[],"failureMessages":[],"fullName":"useClickOutside should not call onClickOutside when clicking inside the element","invocations":1,"location":null,"numPassingAsserts":1,"retryReasons":[],"status":"passed","title":"should not call onClickOutside when clicking inside the element"}],"endTime":1773925182935,"message":"","name":"C:\\Users\\mohdz\\Desktop\\E-Commerce Consumer  Dashboard\\Ecommerce consumer behaviour dashboard\\src\\tests\\hooks\\useClickOutside.test.tsx","startTime":1773925182781,"status":"passed","summary":""},{"assertionResults":[{"ancestorTitles":["useTable"],"duration":3,"failureDetails":[],"failureMessages":[],"fullName":"useTable should initialize with the correct initial state","invocations":1,"location":null,"numPassingAsserts":5,"retryReasons":[],"status":"passed","title":"should initialize with the correct initial state"},{"ancestorTitles":["useTable"],"duration":3,"failureDetails":[],"failureMessages":[],"fullName":"useTable should set and clear filters correctly","invocations":1,"location":null,"numPassingAsserts":2,"retryReasons":[],"status":"passed","title":"should set and clear filters correctly"},{"ancestorTitles":["useTable"],"duration":2,"failureDetails":[],"failureMessages":[],"fullName":"useTable should handle pagination correctly","invocations":1,"location":null,"numPassingAsserts":3,"retryReasons":[],"status":"passed","title":"should handle pagination correctly"},{"ancestorTitles":["useTable"],"duration":2,"failureDetails":[],"failureMessages":[],"fullName":"useTable should reset filters and state correctly","invocations":1,"location":null,"numPassingAsserts":8,"retryReasons":[],"status":"passed","title":"should reset filters and state correctly"}],"endTime":1773925183091,"message":"","name":"C:\\Users\\mohdz\\Desktop\\E-Commerce Consumer  Dashboard\\Ecommerce consumer behaviour dashboard\\src\\tests\\hooks\\useTable.test.tsx","startTime":1773925182946,"status":"passed","summary":""},{"assertionResults":[{"ancestorTitles":["useWindowDimensions"],"duration":4,"failureDetails":[],"failureMessages":[],"fullName":"useWindowDimensions should return initial window dimensions","invocations":1,"location":null,"numPassingAsserts":2,"retryReasons":[],"status":"passed","title":"should return initial window dimensions"},{"ancestorTitles":["useWindowDimensions"],"duration":3,"failureDetails":[],"failureMessages":[],"fullName":"useWindowDimensions should update dimensions on window resize","invocations":1,"location":null,"numPassingAsserts":2,"retryReasons":[],"status":"passed","title":"should update dimensions on window resize"}],"endTime":1773925183255,"message":"","name":"C:\\Users\\mohdz\\Desktop\\E-Commerce Consumer  Dashboard\\Ecommerce consumer behaviour dashboard\\src\\tests\\hooks\\useWindowDimensions.test.tsx","startTime":1773925183100,"status":"passed","summary":""},{"assertionResults":[{"ancestorTitles":["useTranslateData"],"duration":5,"failureDetails":[],"failureMessages":[],"fullName":"useTranslateData should translate data correctly","invocations":1,"location":null,"numPassingAsserts":1,"retryReasons":[],"status":"passed","title":"should translate data correctly"},{"ancestorTitles":["useTranslateData"],"duration":3,"failureDetails":[],"failureMessages":[],"fullName":"useTranslateData should return original data if translations are empty","invocations":1,"location":null,"numPassingAsserts":1,"retryReasons":[],"status":"passed","title":"should return original data if translations are empty"},{"ancestorTitles":["useTranslateData"],"duration":3,"failureDetails":[],"failureMessages":[],"fullName":"useTranslateData should handle nested objects and arrays correctly","invocations":1,"location":null,"numPassingAsserts":1,"retryReasons":[],"status":"passed","title":"should handle nested objects and arrays correctly"}],"endTime":1773925183391,"message":"","name":"C:\\Users\\mohdz\\Desktop\\E-Commerce Consumer  Dashboard\\Ecommerce consumer behaviour dashboard\\src\\tests\\hooks\\useTranslateData.test.tsx","startTime":1773925183268,"status":"passed","summary":""}],"wasInterrupted":false}
